This is pdfTeX, Version 3.1415926-1.40.10 (TeX Live 2009/Debian) (format=pdflatex 2012.2.21)  29 APR 2012 18:17
entering extended mode
 %&-line parsing enabled.
**project.tex
(./project.tex
LaTeX2e <2009/09/24>
Babel <v3.8l> and hyphenation patterns for english, usenglishmax, dumylang, noh
yphenation, farsi, arabic, croatian, bulgarian, ukrainian, russian, czech, slov
ak, danish, dutch, finnish, french, basque, ngerman, german, german-x-2009-06-1
9, ngerman-x-2009-06-19, ibycus, monogreek, greek, ancientgreek, hungarian, san
skrit, italian, latin, latvian, lithuanian, mongolian2a, mongolian, bokmal, nyn
orsk, romanian, irish, coptic, serbian, turkish, welsh, esperanto, uppersorbian
, estonian, indonesian, interlingua, icelandic, kurmanji, slovenian, polish, po
rtuguese, spanish, galician, catalan, swedish, ukenglish, pinyin, loaded.
(/usr/share/texmf-texlive/tex/latex/base/article.cls
Document Class: article 2007/10/19 v1.4h Standard LaTeX document class
(/usr/share/texmf-texlive/tex/latex/base/size10.clo
File: size10.clo 2007/10/19 v1.4h Standard LaTeX file (size option)
)
\c@part=\count79
\c@section=\count80
\c@subsection=\count81
\c@subsubsection=\count82
\c@paragraph=\count83
\c@subparagraph=\count84
\c@figure=\count85
\c@table=\count86
\abovecaptionskip=\skip41
\belowcaptionskip=\skip42
\bibindent=\dimen102
)
(/usr/share/texmf-texlive/tex/latex/graphics/graphicx.sty
Package: graphicx 1999/02/16 v1.0f Enhanced LaTeX Graphics (DPC,SPQR)

(/usr/share/texmf-texlive/tex/latex/graphics/keyval.sty
Package: keyval 1999/03/16 v1.13 key=value parser (DPC)
\KV@toks@=\toks14
)
(/usr/share/texmf-texlive/tex/latex/graphics/graphics.sty
Package: graphics 2009/02/05 v1.0o Standard LaTeX Graphics (DPC,SPQR)

(/usr/share/texmf-texlive/tex/latex/graphics/trig.sty
Package: trig 1999/03/16 v1.09 sin cos tan (DPC)
)
(/etc/texmf/tex/latex/config/graphics.cfg
File: graphics.cfg 2009/08/28 v1.8 graphics configuration of TeX Live
)
Package graphics Info: Driver file: pdftex.def on input line 91.

(/usr/share/texmf-texlive/tex/latex/pdftex-def/pdftex.def
File: pdftex.def 2009/08/25 v0.04m Graphics/color for pdfTeX
\Gread@gobject=\count87
))
\Gin@req@height=\dimen103
\Gin@req@width=\dimen104
)
(/usr/share/texmf-texlive/tex/latex/amsfonts/amssymb.sty
Package: amssymb 2009/06/22 v3.00

(/usr/share/texmf-texlive/tex/latex/amsfonts/amsfonts.sty
Package: amsfonts 2009/06/22 v3.00 Basic AMSFonts support
\@emptytoks=\toks15
\symAMSa=\mathgroup4
\symAMSb=\mathgroup5
LaTeX Font Info:    Overwriting math alphabet `\mathfrak' in version `bold'
(Font)                  U/euf/m/n --> U/euf/b/n on input line 96.
))
(/usr/share/texmf-texlive/tex/latex/lastpage/lastpage.sty
Package: lastpage 1994/06/25 v0.1b LaTeX2e package for refs to last page number
 (JPG)
)
(/usr/share/texmf-texlive/tex/latex/oberdiek/epstopdf.sty
Package: epstopdf 2009/10/17 v2.4 Conversion with epstopdf on the fly (HO)

(/usr/share/texmf-texlive/tex/latex/oberdiek/epstopdf-base.sty
Package: epstopdf-base 2009/10/17 v2.4 Base part for package epstopdf

(/usr/share/texmf-texlive/tex/generic/oberdiek/infwarerr.sty
Package: infwarerr 2007/09/09 v1.2 Providing info/warning/message (HO)
)
(/usr/share/texmf-texlive/tex/latex/oberdiek/grfext.sty
Package: grfext 2007/09/30 v1.0 Managing graphics extensions (HO)
)
(/usr/share/texmf-texlive/tex/latex/oberdiek/kvoptions.sty
Package: kvoptions 2009/08/13 v3.4 Keyval support for LaTeX options (HO)

(/usr/share/texmf-texlive/tex/generic/oberdiek/kvsetkeys.sty
Package: kvsetkeys 2009/07/30 v1.5 Key value parser with default handler suppor
t (HO)

(/usr/share/texmf-texlive/tex/generic/oberdiek/etexcmds.sty
Package: etexcmds 2007/12/12 v1.2 Prefix for e-TeX command names (HO)
Package etexcmds Info: Could not find \expanded.
(etexcmds)             That can mean that you are not using pdfTeX 1.50 or
(etexcmds)             that some package has redefined \expanded.
(etexcmds)             In the latter case, load this package earlier.
)))
(/usr/share/texmf-texlive/tex/generic/oberdiek/pdftexcmds.sty
Package: pdftexcmds 2009/09/23 v0.6 LuaTeX support for pdfTeX utility functions
 (HO)

(/usr/share/texmf-texlive/tex/generic/oberdiek/ifluatex.sty
Package: ifluatex 2009/04/17 v1.2 Provides the ifluatex switch (HO)
Package ifluatex Info: LuaTeX not detected.
)
(/usr/share/texmf-texlive/tex/generic/oberdiek/ltxcmds.sty
Package: ltxcmds 2009/08/05 v1.0 Some LaTeX kernel commands for general use (HO
)
)
Package pdftexcmds Info: LuaTeX not detected.
Package pdftexcmds Info: \pdf@primitive is available.
Package pdftexcmds Info: \pdf@ifprimitive is available.
)

Package epstopdf Warning: Shell escape feature is not enabled.

Package grfext Info: Graphics extension search list:
(grfext)             [.png,.pdf,.jpg,.mps,.jpeg,.jbig2,.jb2,.PNG,.PDF,.JPG,.JPE
G,.JBIG2,.JB2,.eps]
(grfext)             \AppendGraphicsExtensions on input line 433.
(/usr/share/texmf-texlive/tex/latex/latexconfig/epstopdf-sys.cfg
File: epstopdf-sys.cfg 2009/10/26 v1.1 Configuration of epstopdf for TeX Live
)))
(/usr/share/texmf-texlive/tex/latex/fancyhdr/fancyhdr.sty
\fancy@headwidth=\skip43
\f@ncyO@elh=\skip44
\f@ncyO@erh=\skip45
\f@ncyO@olh=\skip46
\f@ncyO@orh=\skip47
\f@ncyO@elf=\skip48
\f@ncyO@erf=\skip49
\f@ncyO@olf=\skip50
\f@ncyO@orf=\skip51
) (./project.aux)
\openout1 = `project.aux'.

LaTeX Font Info:    Checking defaults for OML/cmm/m/it on input line 23.
LaTeX Font Info:    ... okay on input line 23.
LaTeX Font Info:    Checking defaults for T1/cmr/m/n on input line 23.
LaTeX Font Info:    ... okay on input line 23.
LaTeX Font Info:    Checking defaults for OT1/cmr/m/n on input line 23.
LaTeX Font Info:    ... okay on input line 23.
LaTeX Font Info:    Checking defaults for OMS/cmsy/m/n on input line 23.
LaTeX Font Info:    ... okay on input line 23.
LaTeX Font Info:    Checking defaults for OMX/cmex/m/n on input line 23.
LaTeX Font Info:    ... okay on input line 23.
LaTeX Font Info:    Checking defaults for U/cmr/m/n on input line 23.
LaTeX Font Info:    ... okay on input line 23.

(/usr/share/texmf/tex/context/base/supp-pdf.mkii
[Loading MPS to PDF converter (version 2006.09.02).]
\scratchcounter=\count88
\scratchdimen=\dimen105
\scratchbox=\box26
\nofMPsegments=\count89
\nofMParguments=\count90
\everyMPshowfont=\toks16
\MPscratchCnt=\count91
\MPscratchDim=\dimen106
\MPnumerator=\count92
\everyMPtoPDFconversion=\toks17
)
LaTeX Font Info:    Try loading font information for U+msa on input line 24.
 (/usr/share/texmf-texlive/tex/latex/amsfonts/umsa.fd
File: umsa.fd 2009/06/22 v3.00 AMS symbols A
)
LaTeX Font Info:    Try loading font information for U+msb on input line 24.

(/usr/share/texmf-texlive/tex/latex/amsfonts/umsb.fd
File: umsb.fd 2009/06/22 v3.00 AMS symbols B
) [1

{/var/lib/texmf/fonts/map/pdftex/updmap/pdftex.map}]
Underfull \hbox (badness 10000) in paragraph at lines 46--46
[][]\OT1/cmr/m/n/8 How Fu-tile are Mind-less..., Er-rors de-signed not to be fo
und:
 []


Underfull \hbox (badness 10000) in paragraph at lines 43--49

 []

Missing character: There is no Â in font cmr10!
Missing character: There is no   in font cmr10!
Missing character: There is no Â in font cmr10!
Missing character: There is no   in font cmr10!
Missing character: There is no Â in font cmr10!
Missing character: There is no   in font cmr10!
Missing character: There is no Â in font cmr10!
Missing character: There is no   in font cmr10!
Missing character: There is no Â in font cmr10!
Missing character: There is no   in font cmr10!
Missing character: There is no Â in font cmr10!
Missing character: There is no   in font cmr10!
Missing character: There is no Â in font cmr10!
Missing character: There is no   in font cmr10!
Missing character: There is no Â in font cmr10!
Missing character: There is no   in font cmr10!
Missing character: There is no Â in font cmr10!
Missing character: There is no   in font cmr10!
Missing character: There is no Â in font cmr10!
Missing character: There is no   in font cmr10!
Missing character: There is no Â in font cmr10!
Missing character: There is no   in font cmr10!
Missing character: There is no Â in font cmr10!
Missing character: There is no   in font cmr10!
Missing character: There is no Â in font cmr10!
Missing character: There is no   in font cmr10!
Missing character: There is no Â in font cmr10!
Missing character: There is no   in font cmr10!
Missing character: There is no Â in font cmr10!
Missing character: There is no   in font cmr10!
Missing character: There is no Â in font cmr10!
Missing character: There is no   in font cmr10!
Missing character: There is no Â in font cmr10!
Missing character: There is no   in font cmr10!
Missing character: There is no Â in font cmr10!
Missing character: There is no   in font cmr10!
Missing character: There is no Â in font cmr10!
Missing character: There is no   in font cmr10!
Missing character: There is no Â in font cmr10!
Missing character: There is no   in font cmr10!
Missing character: There is no Â in font cmr10!
Missing character: There is no   in font cmr10!
Missing character: There is no Â in font cmr10!
Missing character: There is no   in font cmr10!
Missing character: There is no Â in font cmr10!
Missing character: There is no   in font cmr10!
Missing character: There is no Â in font cmr10!
Missing character: There is no   in font cmr10!
Missing character: There is no Â in font cmr10!
Missing character: There is no   in font cmr10!
Missing character: There is no Â in font cmr10!
Missing character: There is no   in font cmr10!
Missing character: There is no Â in font cmr10!
Missing character: There is no   in font cmr10!
Missing character: There is no Â in font cmr10!
Missing character: There is no   in font cmr10!
Missing character: There is no Â in font cmr10!
Missing character: There is no   in font cmr10!
Missing character: There is no Â in font cmr10!
Missing character: There is no   in font cmr10!
Missing character: There is no Â in font cmr10!
Missing character: There is no   in font cmr10!
Missing character: There is no Â in font cmr10!
Missing character: There is no   in font cmr10!
Missing character: There is no Â in font cmr10!
Missing character: There is no   in font cmr10!
Missing character: There is no Â in font cmr10!
Missing character: There is no   in font cmr10!
Missing character: There is no Â in font cmr10!
Missing character: There is no   in font cmr10!
Missing character: There is no Â in font cmr10!
Missing character: There is no   in font cmr10!
Missing character: There is no Â in font cmr10!
Missing character: There is no   in font cmr10!
Missing character: There is no Â in font cmr10!
Missing character: There is no   in font cmr10!
Missing character: There is no Â in font cmr10!
Missing character: There is no   in font cmr10!
Missing character: There is no Â in font cmr10!
Missing character: There is no   in font cmr10!
Missing character: There is no Â in font cmr10!
Missing character: There is no   in font cmr10!
Missing character: There is no Â in font cmr10!
Missing character: There is no   in font cmr10!
Missing character: There is no Â in font cmr10!
Missing character: There is no   in font cmr10!
Missing character: There is no Â in font cmr10!
Missing character: There is no   in font cmr10!
Missing character: There is no Â in font cmr10!
Missing character: There is no   in font cmr10!
Missing character: There is no Â in font cmr10!
Missing character: There is no   in font cmr10!
Missing character: There is no Â in font cmr10!
Missing character: There is no   in font cmr10!
Missing character: There is no Â in font cmr10!
Missing character: There is no   in font cmr10!
Missing character: There is no Â in font cmr10!
Missing character: There is no   in font cmr10!
Missing character: There is no Â in font cmr10!
Missing character: There is no   in font cmr10!
Missing character: There is no Â in font cmr10!
Missing character: There is no   in font cmr10!
Missing character: There is no Â in font cmr10!
Missing character: There is no   in font cmr10!
Missing character: There is no Â in font cmr10!
Missing character: There is no   in font cmr10!
Missing character: There is no Â in font cmr10!
Missing character: There is no   in font cmr10!
Missing character: There is no Â in font cmr10!
Missing character: There is no   in font cmr10!
Missing character: There is no Â in font cmr10!
Missing character: There is no   in font cmr10!
Missing character: There is no Â in font cmr10!
Missing character: There is no   in font cmr10!
Missing character: There is no Â in font cmr10!
Missing character: There is no   in font cmr10!
Missing character: There is no Â in font cmr10!
Missing character: There is no   in font cmr10!
Missing character: There is no Â in font cmr10!
Missing character: There is no   in font cmr10!
Missing character: There is no Â in font cmr10!
Missing character: There is no   in font cmr10!
Missing character: There is no Â in font cmr10!
Missing character: There is no   in font cmr10!
Missing character: There is no Â in font cmr10!
Missing character: There is no   in font cmr10!
Missing character: There is no Â in font cmr10!
Missing character: There is no   in font cmr10!
Missing character: There is no Â in font cmr10!
Missing character: There is no   in font cmr10!
Missing character: There is no Â in font cmr10!
Missing character: There is no   in font cmr10!
Missing character: There is no Â in font cmr10!
Missing character: There is no   in font cmr10!
Missing character: There is no Â in font cmr10!
Missing character: There is no   in font cmr10!
Missing character: There is no Â in font cmr10!
Missing character: There is no   in font cmr10!
Missing character: There is no Â in font cmr10!
Missing character: There is no   in font cmr10!
Missing character: There is no Â in font cmr10!
Missing character: There is no   in font cmr10!
Missing character: There is no Â in font cmr10!
Missing character: There is no   in font cmr10!
Missing character: There is no Â in font cmr10!
Missing character: There is no   in font cmr10!
Missing character: There is no Â in font cmr10!
Missing character: There is no   in font cmr10!
Missing character: There is no Â in font cmr10!
Missing character: There is no   in font cmr10!
Missing character: There is no Â in font cmr10!
Missing character: There is no   in font cmr10!
Missing character: There is no Â in font cmr10!
Missing character: There is no   in font cmr10!
Missing character: There is no Â in font cmr10!
Missing character: There is no   in font cmr10!
Missing character: There is no Â in font cmr10!
Missing character: There is no   in font cmr10!
Missing character: There is no Â in font cmr10!
Missing character: There is no   in font cmr10!
Missing character: There is no Â in font cmr10!
Missing character: There is no   in font cmr10!
Missing character: There is no Â in font cmr10!
Missing character: There is no   in font cmr10!
Missing character: There is no Â in font cmr10!
Missing character: There is no   in font cmr10!
Missing character: There is no Â in font cmr10!
Missing character: There is no   in font cmr10!
Missing character: There is no Â in font cmr10!
Missing character: There is no   in font cmr10!
Missing character: There is no Â in font cmr10!
Missing character: There is no   in font cmr10!
Missing character: There is no Â in font cmr10!
Missing character: There is no   in font cmr10!
Missing character: There is no Â in font cmr10!
Missing character: There is no   in font cmr10!
Missing character: There is no Â in font cmr10!
Missing character: There is no   in font cmr10!
Missing character: There is no Â in font cmr10!
Missing character: There is no   in font cmr10!
Missing character: There is no Â in font cmr10!
Missing character: There is no   in font cmr10!
Missing character: There is no Â in font cmr10!
Missing character: There is no   in font cmr10!
Missing character: There is no Â in font cmr10!
Missing character: There is no   in font cmr10!
Missing character: There is no Â in font cmr10!
Missing character: There is no   in font cmr10!
Missing character: There is no Â in font cmr10!
Missing character: There is no   in font cmr10!
Missing character: There is no Â in font cmr10!
Missing character: There is no   in font cmr10!
Missing character: There is no Â in font cmr10!
Missing character: There is no   in font cmr10!
Missing character: There is no Â in font cmr10!
Missing character: There is no   in font cmr10!
Missing character: There is no Â in font cmr10!
Missing character: There is no   in font cmr10!
Missing character: There is no Â in font cmr10!
Missing character: There is no   in font cmr10!
Missing character: There is no Â in font cmr10!
Missing character: There is no   in font cmr10!
Missing character: There is no Â in font cmr10!
Missing character: There is no   in font cmr10!
Missing character: There is no Â in font cmr10!
Missing character: There is no   in font cmr10!
Missing character: There is no Â in font cmr10!
Missing character: There is no   in font cmr10!
Missing character: There is no Â in font cmr10!
Missing character: There is no   in font cmr10!
Missing character: There is no Â in font cmr10!
Missing character: There is no   in font cmr10!
Missing character: There is no Â in font cmr10!
Missing character: There is no   in font cmr10!
Missing character: There is no Â in font cmr10!
Missing character: There is no   in font cmr10!
Missing character: There is no Â in font cmr10!
Missing character: There is no   in font cmr10!
Missing character: There is no Â in font cmr10!
Missing character: There is no   in font cmr10!
Missing character: There is no Â in font cmr10!
Missing character: There is no   in font cmr10!
Missing character: There is no Â in font cmr10!
Missing character: There is no   in font cmr10!
Missing character: There is no Â in font cmr10!
Missing character: There is no   in font cmr10!
Missing character: There is no Â in font cmr10!
Missing character: There is no   in font cmr10!
Missing character: There is no Â in font cmr10!
Missing character: There is no   in font cmr10!
Missing character: There is no Â in font cmr10!
Missing character: There is no   in font cmr10!
Missing character: There is no Â in font cmr10!
Missing character: There is no   in font cmr10!
Missing character: There is no Â in font cmr10!
Missing character: There is no   in font cmr10!
Missing character: There is no Â in font cmr10!
Missing character: There is no   in font cmr10!
Missing character: There is no Â in font cmr10!
Missing character: There is no   in font cmr10!
Missing character: There is no Â in font cmr10!
Missing character: There is no   in font cmr10!
Missing character: There is no Â in font cmr10!
Missing character: There is no   in font cmr10!
Missing character: There is no Â in font cmr10!
Missing character: There is no   in font cmr10!
Missing character: There is no Â in font cmr10!
Missing character: There is no   in font cmr10!
Missing character: There is no Â in font cmr10!
Missing character: There is no   in font cmr10!
Missing character: There is no Â in font cmr10!
Missing character: There is no   in font cmr10!
Missing character: There is no Â in font cmr10!
Missing character: There is no   in font cmr10!
Missing character: There is no Â in font cmr10!
Missing character: There is no   in font cmr10!
Missing character: There is no Â in font cmr10!
Missing character: There is no   in font cmr10!
Missing character: There is no Â in font cmr10!
Missing character: There is no   in font cmr10!
Missing character: There is no Â in font cmr10!
Missing character: There is no   in font cmr10!
Missing character: There is no Â in font cmr10!
Missing character: There is no   in font cmr10!
Missing character: There is no Â in font cmr10!
Missing character: There is no   in font cmr10!
Missing character: There is no Â in font cmr10!
Missing character: There is no   in font cmr10!
Missing character: There is no Â in font cmr10!
Missing character: There is no   in font cmr10!
Missing character: There is no Â in font cmr10!
Missing character: There is no   in font cmr10!
Missing character: There is no Â in font cmr10!
Missing character: There is no   in font cmr10!
Missing character: There is no Â in font cmr10!
Missing character: There is no   in font cmr10!
Missing character: There is no Â in font cmr10!
Missing character: There is no   in font cmr10!
Missing character: There is no Â in font cmr10!
Missing character: There is no   in font cmr10!
Missing character: There is no Â in font cmr10!
Missing character: There is no   in font cmr10!
Missing character: There is no Â in font cmr10!
Missing character: There is no   in font cmr10!
Missing character: There is no Â in font cmr10!
Missing character: There is no   in font cmr10!
Missing character: There is no Â in font cmr10!
Missing character: There is no   in font cmr10!
Missing character: There is no Â in font cmr10!
Missing character: There is no   in font cmr10!
Missing character: There is no Â in font cmr10!
Missing character: There is no   in font cmr10!
Missing character: There is no Â in font cmr10!
Missing character: There is no   in font cmr10!
Missing character: There is no Â in font cmr10!
Missing character: There is no   in font cmr10!
Missing character: There is no Â in font cmr10!
Missing character: There is no   in font cmr10!
Missing character: There is no Â in font cmr10!
Missing character: There is no   in font cmr10!
Missing character: There is no Â in font cmr10!
Missing character: There is no   in font cmr10!
Missing character: There is no Â in font cmr10!
Missing character: There is no   in font cmr10!
Missing character: There is no Â in font cmr10!
Missing character: There is no   in font cmr10!
Missing character: There is no Â in font cmr10!
Missing character: There is no   in font cmr10!
Missing character: There is no Â in font cmr10!
Missing character: There is no   in font cmr10!
Missing character: There is no Â in font cmr10!
Missing character: There is no   in font cmr10!
Missing character: There is no Â in font cmr10!
Missing character: There is no   in font cmr10!

Overfull \hbox (29.00209pt too wide) in paragraph at lines 54--69
 [][] 
 []

Missing character: There is no Â in font cmr10!
Missing character: There is no   in font cmr10!
Missing character: There is no Â in font cmr10!
Missing character: There is no   in font cmr10!
Missing character: There is no Â in font cmr10!
Missing character: There is no   in font cmr10!
Missing character: There is no Â in font cmr10!
Missing character: There is no   in font cmr10!
Missing character: There is no Â in font cmr10!
Missing character: There is no   in font cmr10!
Missing character: There is no Â in font cmr10!
Missing character: There is no   in font cmr10!
Missing character: There is no Â in font cmr10!
Missing character: There is no   in font cmr10!
Missing character: There is no Â in font cmr10!
Missing character: There is no   in font cmr10!
Missing character: There is no Â in font cmr10!
Missing character: There is no   in font cmr10!
Missing character: There is no Â in font cmr10!
Missing character: There is no   in font cmr10!
Missing character: There is no Â in font cmr10!
Missing character: There is no   in font cmr10!
Missing character: There is no Â in font cmr10!
Missing character: There is no   in font cmr10!
Missing character: There is no Â in font cmr10!
Missing character: There is no   in font cmr10!
Missing character: There is no Â in font cmr10!
Missing character: There is no   in font cmr10!
Missing character: There is no Â in font cmr10!
Missing character: There is no   in font cmr10!
Missing character: There is no Â in font cmr10!
Missing character: There is no   in font cmr10!
Missing character: There is no Â in font cmr10!
Missing character: There is no   in font cmr10!
Missing character: There is no Â in font cmr10!
Missing character: There is no   in font cmr10!
Missing character: There is no Â in font cmr10!
Missing character: There is no   in font cmr10!
Missing character: There is no Â in font cmr10!
Missing character: There is no   in font cmr10!
Missing character: There is no Â in font cmr10!
Missing character: There is no   in font cmr10!
Missing character: There is no Â in font cmr10!
Missing character: There is no   in font cmr10!
Missing character: There is no Â in font cmr10!
Missing character: There is no   in font cmr10!
Missing character: There is no Â in font cmr10!
Missing character: There is no   in font cmr10!
Missing character: There is no Â in font cmr10!
Missing character: There is no   in font cmr10!
Missing character: There is no Â in font cmr10!
Missing character: There is no   in font cmr10!
Missing character: There is no Â in font cmr10!
Missing character: There is no   in font cmr10!
Missing character: There is no Â in font cmr10!
Missing character: There is no   in font cmr10!
Missing character: There is no Â in font cmr10!
Missing character: There is no   in font cmr10!
Missing character: There is no Â in font cmr10!
Missing character: There is no   in font cmr10!
Missing character: There is no Â in font cmr10!
Missing character: There is no   in font cmr10!
Missing character: There is no Â in font cmr10!
Missing character: There is no   in font cmr10!
Missing character: There is no Â in font cmr10!
Missing character: There is no   in font cmr10!
Missing character: There is no Â in font cmr10!
Missing character: There is no   in font cmr10!
Missing character: There is no Â in font cmr10!
Missing character: There is no   in font cmr10!
Missing character: There is no Â in font cmr10!
Missing character: There is no   in font cmr10!
Missing character: There is no Â in font cmr10!
Missing character: There is no   in font cmr10!
Missing character: There is no Â in font cmr10!
Missing character: There is no   in font cmr10!
Missing character: There is no Â in font cmr10!
Missing character: There is no   in font cmr10!
Missing character: There is no Â in font cmr10!
Missing character: There is no   in font cmr10!
Missing character: There is no Â in font cmr10!
Missing character: There is no   in font cmr10!
Missing character: There is no Â in font cmr10!
Missing character: There is no   in font cmr10!
Missing character: There is no Â in font cmr10!
Missing character: There is no   in font cmr10!
Missing character: There is no Â in font cmr10!
Missing character: There is no   in font cmr10!
Missing character: There is no Â in font cmr10!
Missing character: There is no   in font cmr10!
Missing character: There is no Â in font cmr10!
Missing character: There is no   in font cmr10!
Missing character: There is no Â in font cmr10!
Missing character: There is no   in font cmr10!
Missing character: There is no Â in font cmr10!
Missing character: There is no   in font cmr10!
Missing character: There is no Â in font cmr10!
Missing character: There is no   in font cmr10!
Missing character: There is no Â in font cmr10!
Missing character: There is no   in font cmr10!
Missing character: There is no Â in font cmr10!
Missing character: There is no   in font cmr10!
Missing character: There is no Â in font cmr10!
Missing character: There is no   in font cmr10!
Missing character: There is no Â in font cmr10!
Missing character: There is no   in font cmr10!
Missing character: There is no Â in font cmr10!
Missing character: There is no   in font cmr10!
Missing character: There is no Â in font cmr10!
Missing character: There is no   in font cmr10!
Missing character: There is no Â in font cmr10!
Missing character: There is no   in font cmr10!
Missing character: There is no Â in font cmr10!
Missing character: There is no   in font cmr10!
Missing character: There is no Â in font cmr10!
Missing character: There is no   in font cmr10!
Missing character: There is no Â in font cmr10!
Missing character: There is no   in font cmr10!
Missing character: There is no Â in font cmr10!
Missing character: There is no   in font cmr10!
Missing character: There is no Â in font cmr10!
Missing character: There is no   in font cmr10!
Missing character: There is no Â in font cmr10!
Missing character: There is no   in font cmr10!
Missing character: There is no Â in font cmr10!
Missing character: There is no   in font cmr10!
Missing character: There is no Â in font cmr10!
Missing character: There is no   in font cmr10!
Missing character: There is no Â in font cmr10!
Missing character: There is no   in font cmr10!
Missing character: There is no Â in font cmr10!
Missing character: There is no   in font cmr10!

Overfull \hbox (44.00214pt too wide) in paragraph at lines 74--85
 [][] 
 []

! Undefined control sequence.
\f@ncyolf ->\lastxmark 
                       \strut 
l.87 \newpage
             
The control sequence at the end of the top line
of your error message was never \def'ed. If you have
misspelled it (e.g., `\hobx'), type `I' and the correct
spelling (e.g., `I\hbox'). Otherwise just continue,
and I'll forget about whatever was undefined.

[2]
Underfull \hbox (badness 10000) in paragraph at lines 88--89

 []

Missing character: There is no Â in font cmr10!
Missing character: There is no   in font cmr10!
Missing character: There is no Â in font cmr10!
Missing character: There is no   in font cmr10!
Missing character: There is no Â in font cmr10!
Missing character: There is no   in font cmr10!
Missing character: There is no Â in font cmr10!
Missing character: There is no   in font cmr10!
Missing character: There is no Â in font cmr10!
Missing character: There is no   in font cmr10!
Missing character: There is no Â in font cmr10!
Missing character: There is no   in font cmr10!
Missing character: There is no Â in font cmr10!
Missing character: There is no   in font cmr10!
Missing character: There is no Â in font cmr10!
Missing character: There is no   in font cmr10!
Missing character: There is no Â in font cmr10!
Missing character: There is no   in font cmr10!
Missing character: There is no Â in font cmr10!
Missing character: There is no   in font cmr10!
Missing character: There is no Â in font cmr10!
Missing character: There is no   in font cmr10!
Missing character: There is no Â in font cmr10!
Missing character: There is no   in font cmr10!
Missing character: There is no Â in font cmr10!
Missing character: There is no   in font cmr10!
Missing character: There is no Â in font cmr10!
Missing character: There is no   in font cmr10!
Missing character: There is no Â in font cmr10!
Missing character: There is no   in font cmr10!
Missing character: There is no Â in font cmr10!
Missing character: There is no   in font cmr10!
Missing character: There is no Â in font cmr10!
Missing character: There is no   in font cmr10!
Missing character: There is no Â in font cmr10!
Missing character: There is no   in font cmr10!
Missing character: There is no Â in font cmr10!
Missing character: There is no   in font cmr10!
Missing character: There is no Â in font cmr10!
Missing character: There is no   in font cmr10!
Missing character: There is no Â in font cmr10!
Missing character: There is no   in font cmr10!
Missing character: There is no Â in font cmr10!
Missing character: There is no   in font cmr10!
Missing character: There is no Â in font cmr10!
Missing character: There is no   in font cmr10!
Missing character: There is no Â in font cmr10!
Missing character: There is no   in font cmr10!
Missing character: There is no Â in font cmr10!
Missing character: There is no   in font cmr10!
Missing character: There is no Â in font cmr10!
Missing character: There is no   in font cmr10!
Missing character: There is no Â in font cmr10!
Missing character: There is no   in font cmr10!
Missing character: There is no Â in font cmr10!
Missing character: There is no   in font cmr10!
Missing character: There is no Â in font cmr10!
Missing character: There is no   in font cmr10!
Missing character: There is no Â in font cmr10!
Missing character: There is no   in font cmr10!
Missing character: There is no Â in font cmr10!
Missing character: There is no   in font cmr10!
Missing character: There is no Â in font cmr10!
Missing character: There is no   in font cmr10!
Missing character: There is no Â in font cmr10!
Missing character: There is no   in font cmr10!
Missing character: There is no Â in font cmr10!
Missing character: There is no   in font cmr10!
Missing character: There is no Â in font cmr10!
Missing character: There is no   in font cmr10!
Missing character: There is no Â in font cmr10!
Missing character: There is no   in font cmr10!
Missing character: There is no Â in font cmr10!
Missing character: There is no   in font cmr10!
Missing character: There is no Â in font cmr10!
Missing character: There is no   in font cmr10!
Missing character: There is no Â in font cmr10!
Missing character: There is no   in font cmr10!
Missing character: There is no Â in font cmr10!
Missing character: There is no   in font cmr10!
Missing character: There is no Â in font cmr10!
Missing character: There is no   in font cmr10!
Missing character: There is no Â in font cmr10!
Missing character: There is no   in font cmr10!
Missing character: There is no Â in font cmr10!
Missing character: There is no   in font cmr10!
Missing character: There is no Â in font cmr10!
Missing character: There is no   in font cmr10!
Missing character: There is no Â in font cmr10!
Missing character: There is no   in font cmr10!
Missing character: There is no Â in font cmr10!
Missing character: There is no   in font cmr10!
Missing character: There is no Â in font cmr10!
Missing character: There is no   in font cmr10!
Missing character: There is no Â in font cmr10!
Missing character: There is no   in font cmr10!
Missing character: There is no Â in font cmr10!
Missing character: There is no   in font cmr10!
Missing character: There is no Â in font cmr10!
Missing character: There is no   in font cmr10!
Missing character: There is no Â in font cmr10!
Missing character: There is no   in font cmr10!
Missing character: There is no Â in font cmr10!
Missing character: There is no   in font cmr10!
Missing character: There is no Â in font cmr10!
Missing character: There is no   in font cmr10!
Missing character: There is no Â in font cmr10!
Missing character: There is no   in font cmr10!
Missing character: There is no Â in font cmr10!
Missing character: There is no   in font cmr10!
Missing character: There is no Â in font cmr10!
Missing character: There is no   in font cmr10!
Missing character: There is no Â in font cmr10!
Missing character: There is no   in font cmr10!
Missing character: There is no Â in font cmr10!
Missing character: There is no   in font cmr10!
Missing character: There is no Â in font cmr10!
Missing character: There is no   in font cmr10!
Missing character: There is no Â in font cmr10!
Missing character: There is no   in font cmr10!
Missing character: There is no Â in font cmr10!
Missing character: There is no   in font cmr10!
Missing character: There is no Â in font cmr10!
Missing character: There is no   in font cmr10!
Missing character: There is no Â in font cmr10!
Missing character: There is no   in font cmr10!
Missing character: There is no Â in font cmr10!
Missing character: There is no   in font cmr10!
Missing character: There is no Â in font cmr10!
Missing character: There is no   in font cmr10!
Missing character: There is no Â in font cmr10!
Missing character: There is no   in font cmr10!
Missing character: There is no Â in font cmr10!
Missing character: There is no   in font cmr10!
Missing character: There is no Â in font cmr10!
Missing character: There is no   in font cmr10!
Missing character: There is no Â in font cmr10!
Missing character: There is no   in font cmr10!
Missing character: There is no Â in font cmr10!
Missing character: There is no   in font cmr10!
Missing character: There is no Â in font cmr10!
Missing character: There is no   in font cmr10!
Missing character: There is no Â in font cmr10!
Missing character: There is no   in font cmr10!
Missing character: There is no Â in font cmr10!
Missing character: There is no   in font cmr10!
Missing character: There is no Â in font cmr10!
Missing character: There is no   in font cmr10!
Missing character: There is no Â in font cmr10!
Missing character: There is no   in font cmr10!
Missing character: There is no Â in font cmr10!
Missing character: There is no   in font cmr10!
Missing character: There is no Â in font cmr10!
Missing character: There is no   in font cmr10!
Missing character: There is no Â in font cmr10!
Missing character: There is no   in font cmr10!
Missing character: There is no Â in font cmr10!
Missing character: There is no   in font cmr10!
Missing character: There is no Â in font cmr10!
Missing character: There is no   in font cmr10!
Missing character: There is no Â in font cmr10!
Missing character: There is no   in font cmr10!
Missing character: There is no Â in font cmr10!
Missing character: There is no   in font cmr10!
Missing character: There is no Â in font cmr10!
Missing character: There is no   in font cmr10!
Missing character: There is no Â in font cmr10!
Missing character: There is no   in font cmr10!
Missing character: There is no Â in font cmr10!
Missing character: There is no   in font cmr10!
Missing character: There is no Â in font cmr10!
Missing character: There is no   in font cmr10!
Missing character: There is no Â in font cmr10!
Missing character: There is no   in font cmr10!
Missing character: There is no Â in font cmr10!
Missing character: There is no   in font cmr10!
Missing character: There is no Â in font cmr10!
Missing character: There is no   in font cmr10!
Missing character: There is no Â in font cmr10!
Missing character: There is no   in font cmr10!
Missing character: There is no Â in font cmr10!
Missing character: There is no   in font cmr10!
Missing character: There is no Â in font cmr10!
Missing character: There is no   in font cmr10!
Missing character: There is no Â in font cmr10!
Missing character: There is no   in font cmr10!
Missing character: There is no Â in font cmr10!
Missing character: There is no   in font cmr10!
Missing character: There is no Â in font cmr10!
Missing character: There is no   in font cmr10!
Missing character: There is no Â in font cmr10!
Missing character: There is no   in font cmr10!
Missing character: There is no Â in font cmr10!
Missing character: There is no   in font cmr10!
Missing character: There is no Â in font cmr10!
Missing character: There is no   in font cmr10!
Missing character: There is no Â in font cmr10!
Missing character: There is no   in font cmr10!
Missing character: There is no Â in font cmr10!
Missing character: There is no   in font cmr10!
Missing character: There is no Â in font cmr10!
Missing character: There is no   in font cmr10!
Missing character: There is no Â in font cmr10!
Missing character: There is no   in font cmr10!
Missing character: There is no Â in font cmr10!
Missing character: There is no   in font cmr10!
Missing character: There is no Â in font cmr10!
Missing character: There is no   in font cmr10!
Missing character: There is no Â in font cmr10!
Missing character: There is no   in font cmr10!
Missing character: There is no Â in font cmr10!
Missing character: There is no   in font cmr10!
Missing character: There is no Â in font cmr10!
Missing character: There is no   in font cmr10!
Missing character: There is no Â in font cmr10!
Missing character: There is no   in font cmr10!
Missing character: There is no Â in font cmr10!
Missing character: There is no   in font cmr10!
Missing character: There is no Â in font cmr10!
Missing character: There is no   in font cmr10!
Missing character: There is no Â in font cmr10!
Missing character: There is no   in font cmr10!
Missing character: There is no Â in font cmr10!
Missing character: There is no   in font cmr10!
Missing character: There is no Â in font cmr10!
Missing character: There is no   in font cmr10!
Missing character: There is no Â in font cmr10!
Missing character: There is no   in font cmr10!
Missing character: There is no Â in font cmr10!
Missing character: There is no   in font cmr10!
Missing character: There is no Â in font cmr10!
Missing character: There is no   in font cmr10!
Missing character: There is no Â in font cmr10!
Missing character: There is no   in font cmr10!
Missing character: There is no Â in font cmr10!
Missing character: There is no   in font cmr10!
Missing character: There is no Â in font cmr10!
Missing character: There is no   in font cmr10!
Missing character: There is no Â in font cmr10!
Missing character: There is no   in font cmr10!
Missing character: There is no Â in font cmr10!
Missing character: There is no   in font cmr10!
Missing character: There is no Â in font cmr10!
Missing character: There is no   in font cmr10!
Missing character: There is no Â in font cmr10!
Missing character: There is no   in font cmr10!
Missing character: There is no Â in font cmr10!
Missing character: There is no   in font cmr10!
Missing character: There is no Â in font cmr10!
Missing character: There is no   in font cmr10!
Missing character: There is no Â in font cmr10!
Missing character: There is no   in font cmr10!
Missing character: There is no Â in font cmr10!
Missing character: There is no   in font cmr10!
Missing character: There is no Â in font cmr10!
Missing character: There is no   in font cmr10!
Missing character: There is no Â in font cmr10!
Missing character: There is no   in font cmr10!
Missing character: There is no Â in font cmr10!
Missing character: There is no   in font cmr10!
Missing character: There is no Â in font cmr10!
Missing character: There is no   in font cmr10!
Missing character: There is no Â in font cmr10!
Missing character: There is no   in font cmr10!
Missing character: There is no Â in font cmr10!
Missing character: There is no   in font cmr10!
Missing character: There is no Â in font cmr10!
Missing character: There is no   in font cmr10!
Missing character: There is no Â in font cmr10!
Missing character: There is no   in font cmr10!
Missing character: There is no Â in font cmr10!
Missing character: There is no   in font cmr10!
Missing character: There is no Â in font cmr10!
Missing character: There is no   in font cmr10!
Missing character: There is no Â in font cmr10!
Missing character: There is no   in font cmr10!
Missing character: There is no Â in font cmr10!
Missing character: There is no   in font cmr10!
Missing character: There is no Â in font cmr10!
Missing character: There is no   in font cmr10!
Missing character: There is no Â in font cmr10!
Missing character: There is no   in font cmr10!
Missing character: There is no Â in font cmr10!
Missing character: There is no   in font cmr10!
Missing character: There is no Â in font cmr10!
Missing character: There is no   in font cmr10!
Missing character: There is no Â in font cmr10!
Missing character: There is no   in font cmr10!
Missing character: There is no Â in font cmr10!
Missing character: There is no   in font cmr10!
Missing character: There is no Â in font cmr10!
Missing character: There is no   in font cmr10!
Missing character: There is no Â in font cmr10!
Missing character: There is no   in font cmr10!
Missing character: There is no Â in font cmr10!
Missing character: There is no   in font cmr10!
Missing character: There is no Â in font cmr10!
Missing character: There is no   in font cmr10!
Missing character: There is no Â in font cmr10!
Missing character: There is no   in font cmr10!
Missing character: There is no Â in font cmr10!
Missing character: There is no   in font cmr10!
Missing character: There is no Â in font cmr10!
Missing character: There is no   in font cmr10!
Missing character: There is no Â in font cmr10!
Missing character: There is no   in font cmr10!
Missing character: There is no Â in font cmr10!
Missing character: There is no   in font cmr10!
Missing character: There is no Â in font cmr10!
Missing character: There is no   in font cmr10!
Missing character: There is no Â in font cmr10!
Missing character: There is no   in font cmr10!
Missing character: There is no Â in font cmr10!
Missing character: There is no   in font cmr10!
Missing character: There is no Â in font cmr10!
Missing character: There is no   in font cmr10!
Missing character: There is no Â in font cmr10!
Missing character: There is no   in font cmr10!
Missing character: There is no Â in font cmr10!
Missing character: There is no   in font cmr10!
Missing character: There is no Â in font cmr10!
Missing character: There is no   in font cmr10!
Missing character: There is no Â in font cmr10!
Missing character: There is no   in font cmr10!
Missing character: There is no Â in font cmr10!
Missing character: There is no   in font cmr10!
Missing character: There is no Â in font cmr10!
Missing character: There is no   in font cmr10!
Missing character: There is no Â in font cmr10!
Missing character: There is no   in font cmr10!
Missing character: There is no Â in font cmr10!
Missing character: There is no   in font cmr10!
Missing character: There is no Â in font cmr10!
Missing character: There is no   in font cmr10!
Missing character: There is no Â in font cmr10!
Missing character: There is no   in font cmr10!
Missing character: There is no Â in font cmr10!
Missing character: There is no   in font cmr10!
Missing character: There is no Â in font cmr10!
Missing character: There is no   in font cmr10!
Missing character: There is no Â in font cmr10!
Missing character: There is no   in font cmr10!
Missing character: There is no Â in font cmr10!
Missing character: There is no   in font cmr10!
Missing character: There is no Â in font cmr10!
Missing character: There is no   in font cmr10!
Missing character: There is no Â in font cmr10!
Missing character: There is no   in font cmr10!
Missing character: There is no Â in font cmr10!
Missing character: There is no   in font cmr10!
Missing character: There is no Â in font cmr10!
Missing character: There is no   in font cmr10!
Missing character: There is no Â in font cmr10!
Missing character: There is no   in font cmr10!
Missing character: There is no Â in font cmr10!
Missing character: There is no   in font cmr10!
Missing character: There is no Â in font cmr10!
Missing character: There is no   in font cmr10!
Missing character: There is no Â in font cmr10!
Missing character: There is no   in font cmr10!
Missing character: There is no Â in font cmr10!
Missing character: There is no   in font cmr10!
Missing character: There is no Â in font cmr10!
Missing character: There is no   in font cmr10!
Missing character: There is no Â in font cmr10!
Missing character: There is no   in font cmr10!
Missing character: There is no Â in font cmr10!
Missing character: There is no   in font cmr10!
Missing character: There is no Â in font cmr10!
Missing character: There is no   in font cmr10!
Missing character: There is no Â in font cmr10!
Missing character: There is no   in font cmr10!
Missing character: There is no Â in font cmr10!
Missing character: There is no   in font cmr10!
Missing character: There is no Â in font cmr10!
Missing character: There is no   in font cmr10!
Missing character: There is no Â in font cmr10!
Missing character: There is no   in font cmr10!
Missing character: There is no Â in font cmr10!
Missing character: There is no   in font cmr10!
Missing character: There is no Â in font cmr10!
Missing character: There is no   in font cmr10!
Missing character: There is no Â in font cmr10!
Missing character: There is no   in font cmr10!
Missing character: There is no Â in font cmr10!
Missing character: There is no   in font cmr10!
Missing character: There is no Â in font cmr10!
Missing character: There is no   in font cmr10!
Missing character: There is no Â in font cmr10!
Missing character: There is no   in font cmr10!
Missing character: There is no Â in font cmr10!
Missing character: There is no   in font cmr10!
Missing character: There is no Â in font cmr10!
Missing character: There is no   in font cmr10!
Missing character: There is no Â in font cmr10!
Missing character: There is no   in font cmr10!
Missing character: There is no Â in font cmr10!
Missing character: There is no   in font cmr10!
Missing character: There is no Â in font cmr10!
Missing character: There is no   in font cmr10!
Missing character: There is no Â in font cmr10!
Missing character: There is no   in font cmr10!
Missing character: There is no Â in font cmr10!
Missing character: There is no   in font cmr10!
Missing character: There is no Â in font cmr10!
Missing character: There is no   in font cmr10!
Missing character: There is no Â in font cmr10!
Missing character: There is no   in font cmr10!
Missing character: There is no Â in font cmr10!
Missing character: There is no   in font cmr10!
Missing character: There is no Â in font cmr10!
Missing character: There is no   in font cmr10!
Missing character: There is no Â in font cmr10!
Missing character: There is no   in font cmr10!
Missing character: There is no Â in font cmr10!
Missing character: There is no   in font cmr10!
Missing character: There is no Â in font cmr10!
Missing character: There is no   in font cmr10!
Missing character: There is no Â in font cmr10!
Missing character: There is no   in font cmr10!
Missing character: There is no Â in font cmr10!
Missing character: There is no   in font cmr10!
Missing character: There is no Â in font cmr10!
Missing character: There is no   in font cmr10!
Missing character: There is no Â in font cmr10!
Missing character: There is no   in font cmr10!
Missing character: There is no Â in font cmr10!
Missing character: There is no   in font cmr10!
Missing character: There is no Â in font cmr10!
Missing character: There is no   in font cmr10!
Missing character: There is no Â in font cmr10!
Missing character: There is no   in font cmr10!
Missing character: There is no Â in font cmr10!
Missing character: There is no   in font cmr10!
Missing character: There is no Â in font cmr10!
Missing character: There is no   in font cmr10!
Missing character: There is no Â in font cmr10!
Missing character: There is no   in font cmr10!
Missing character: There is no Â in font cmr10!
Missing character: There is no   in font cmr10!
Missing character: There is no Â in font cmr10!
Missing character: There is no   in font cmr10!
Missing character: There is no Â in font cmr10!
Missing character: There is no   in font cmr10!
Missing character: There is no Â in font cmr10!
Missing character: There is no   in font cmr10!
Missing character: There is no Â in font cmr10!
Missing character: There is no   in font cmr10!
Missing character: There is no Â in font cmr10!
Missing character: There is no   in font cmr10!
Missing character: There is no Â in font cmr10!
Missing character: There is no   in font cmr10!
Missing character: There is no Â in font cmr10!
Missing character: There is no   in font cmr10!
Missing character: There is no Â in font cmr10!
Missing character: There is no   in font cmr10!
Missing character: There is no Â in font cmr10!
Missing character: There is no   in font cmr10!
Missing character: There is no Â in font cmr10!
Missing character: There is no   in font cmr10!
Missing character: There is no Â in font cmr10!
Missing character: There is no   in font cmr10!
Missing character: There is no Â in font cmr10!
Missing character: There is no   in font cmr10!
Missing character: There is no Â in font cmr10!
Missing character: There is no   in font cmr10!
Missing character: There is no Â in font cmr10!
Missing character: There is no   in font cmr10!
Missing character: There is no Â in font cmr10!
Missing character: There is no   in font cmr10!
Missing character: There is no Â in font cmr10!
Missing character: There is no   in font cmr10!
Missing character: There is no Â in font cmr10!
Missing character: There is no   in font cmr10!
Missing character: There is no Â in font cmr10!
Missing character: There is no   in font cmr10!
Missing character: There is no Â in font cmr10!
Missing character: There is no   in font cmr10!
Missing character: There is no Â in font cmr10!
Missing character: There is no   in font cmr10!
Missing character: There is no Â in font cmr10!
Missing character: There is no   in font cmr10!
Missing character: There is no Â in font cmr10!
Missing character: There is no   in font cmr10!
! Undefined control sequence.
\f@ncyolf ->\lastxmark 
                       \strut 
l.124 \newpage
              
The control sequence at the end of the top line
of your error message was never \def'ed. If you have
misspelled it (e.g., `\hobx'), type `I' and the correct
spelling (e.g., `I\hbox'). Otherwise just continue,
and I'll forget about whatever was undefined.

[3] <TRENDj7.png, id=22, 505.89pt x 313.17pt>
File: TRENDj7.png Graphic file (type png)
 <use TRENDj7.png>
<TRENDj8.png, id=23, 512.91624pt x 317.185pt>
File: TRENDj8.png Graphic file (type png)
 <use TRENDj8.png>
Overfull \hbox (39.62517pt too wide) in paragraph at lines 125--140
\OT1/cmr/m/n/10 When $\OML/cmm/m/it/10 j \OT1/cmr/m/n/10 = 8$, the trend-line h
as ven-tured out alone, with an $\OML/cmm/m/it/10 R[]$ \OT1/cmr/m/n/10 value of
 $0\OML/cmm/m/it/10 :\OT1/cmr/m/n/10 983604355317896$. 
 []

! Undefined control sequence.
\f@ncyolf ->\lastxmark 
                       \strut 
l.140 \newpage
              
The control sequence at the end of the top line
of your error message was never \def'ed. If you have
misspelled it (e.g., `\hobx'), type `I' and the correct
spelling (e.g., `I\hbox'). Otherwise just continue,
and I'll forget about whatever was undefined.

[4 <./TRENDj7.png (PNG copy)> <./TRENDj8.png (PNG copy)>]
<TRENDj9.png, id=27, 512.91624pt x 317.185pt>
File: TRENDj9.png Graphic file (type png)
 <use TRENDj9.png>
Underfull \hbox (badness 10000) in paragraph at lines 141--151

 []


Underfull \hbox (badness 4132) in paragraph at lines 153--153
[][]\OT1/cmr/m/n/8 Code used: ex = j; x = 1+0*10^-ex:10^-ex:1+12*10^-ex; y = 1:
13;[b,s,r] =
 []

<TRENDocj14.png, id=28, 1204.5pt x 903.375pt>
File: TRENDocj14.png Graphic file (type png)
 <use TRENDocj14.png>

LaTeX Warning: `!h' float specifier changed to `!ht'.

! Undefined control sequence.
\f@ncyolf ->\lastxmark 
                       \strut 
l.160 \newpage
              
The control sequence at the end of the top line
of your error message was never \def'ed. If you have
misspelled it (e.g., `\hobx'), type `I' and the correct
spelling (e.g., `I\hbox'). Otherwise just continue,
and I'll forget about whatever was undefined.

[5 <./TRENDj9.png (PNG copy)>] <TRENDocj15.png, id=32, 1204.5pt x 903.375pt>
File: TRENDocj15.png Graphic file (type png)

<use TRENDocj15.png>
Underfull \hbox (badness 10000) in paragraph at lines 161--170

 []

! Undefined control sequence.
\f@ncyolf ->\lastxmark 
                       \strut 
l.170 
      
The control sequence at the end of the top line
of your error message was never \def'ed. If you have
misspelled it (e.g., `\hobx'), type `I' and the correct
spelling (e.g., `I\hbox'). Otherwise just continue,
and I'll forget about whatever was undefined.

[6 <./TRENDocj14.png (PNG copy)> <./TRENDocj15.png (PNG copy)>]
<TREND2j24.png, id=38, 500.87125pt x 309.155pt>
File: TREND2j24.png Graphic file (type png)
 <use TREND2j24.png>
Underfull \hbox (badness 10000) in paragraph at lines 171--184

 []

<TREND2j25.png, id=39, 509.905pt x 315.1775pt>
File: TREND2j25.png Graphic file (type png)
 <use TREND2j25.png>
Underfull \hbox (badness 10000) in paragraph at lines 185--192

 []


LaTeX Warning: `!h' float specifier changed to `!ht'.


Underfull \hbox (badness 10000) in paragraph at lines 193--195

 []

<TREND2j27.png, id=40, 503.8825pt x 311.1625pt>
File: TREND2j27.png Graphic file (type png)
 <use TREND2j27.png>

LaTeX Warning: `!h' float specifier changed to `!ht'.


! LaTeX Error: There's no line here to end.

See the LaTeX manual or LaTeX Companion for explanation.
Type  H <return>  for immediate help.
 ...                                              
                                                  
l.201 
      
Your command was ignored.
Type  I <command> <return>  to replace it with another command,
or  <return>  to continue without it.


Underfull \hbox (badness 10000) in paragraph at lines 202--203

 []

! Undefined control sequence.
\f@ncyolf ->\lastxmark 
                       \strut 
l.204 \newpage
              
The control sequence at the end of the top line
of your error message was never \def'ed. If you have
misspelled it (e.g., `\hobx'), type `I' and the correct
spelling (e.g., `I\hbox'). Otherwise just continue,
and I'll forget about whatever was undefined.

[7 <./TREND2j24.png (PNG copy)>]
Underfull \hbox (badness 10000) in paragraph at lines 214--214
[][]\OT1/cmr/m/n/8 How Fu-tile are Mind-less..., Er-rors de-signed not to be fo
und:
 []

! Undefined control sequence.
\f@ncyolf ->\lastxmark 
                       \strut 
l.225 
      
The control sequence at the end of the top line
of your error message was never \def'ed. If you have
misspelled it (e.g., `\hobx'), type `I' and the correct
spelling (e.g., `I\hbox'). Otherwise just continue,
and I'll forget about whatever was undefined.

[8 <./TREND2j25.png (PNG copy)> <./TREND2j27.png (PNG copy)>]
AED: lastpage setting LastPage
! Undefined control sequence.
\f@ncyolf ->\lastxmark 
                       \strut 
l.228 \end{document}
                    
The control sequence at the end of the top line
of your error message was never \def'ed. If you have
misspelled it (e.g., `\hobx'), type `I' and the correct
spelling (e.g., `I\hbox'). Otherwise just continue,
and I'll forget about whatever was undefined.

[9] (./project.aux)

LaTeX Warning: Label(s) may have changed. Rerun to get cross-references right.

 ) 
Here is how much of TeX's memory you used:
 1722 strings out of 493848
 22669 string characters out of 1152823
 77178 words of memory out of 3000000
 4975 multiletter control sequences out of 15000+50000
 10888 words of font info for 43 fonts, out of 3000000 for 9000
 714 hyphenation exceptions out of 8191
 41i,10n,43p,281b,218s stack positions out of 5000i,500n,10000p,200000b,50000s
</usr/share/texmf-texlive/fonts/type1/public/amsfonts/cm/cmbx12.pfb></usr/sha
re/texmf-texlive/fonts/type1/public/amsfonts/cm/cmmi10.pfb></usr/share/texmf-te
xlive/fonts/type1/public/amsfonts/cm/cmmi7.pfb></usr/share/texmf-texlive/fonts/
type1/public/amsfonts/cm/cmr10.pfb></usr/share/texmf-texlive/fonts/type1/public
/amsfonts/cm/cmr12.pfb></usr/share/texmf-texlive/fonts/type1/public/amsfonts/cm
/cmr17.pfb></usr/share/texmf-texlive/fonts/type1/public/amsfonts/cm/cmr6.pfb></
usr/share/texmf-texlive/fonts/type1/public/amsfonts/cm/cmr7.pfb></usr/share/tex
mf-texlive/fonts/type1/public/amsfonts/cm/cmr8.pfb></usr/share/texmf-texlive/fo
nts/type1/public/amsfonts/cm/cmsy10.pfb></usr/share/texmf-texlive/fonts/type1/p
ublic/amsfonts/cm/cmsy7.pfb>
Output written on project.pdf (9 pages, 209582 bytes).
PDF statistics:
 86 PDF objects out of 1000 (max. 8388607)
 0 named destinations out of 1000 (max. 500000)
 41 words of extra memory for PDF output out of 10000 (max. 10000000)

